<?xml version="1.0" encoding="UTF-8"?>
<!-- Generated by org.testng.reporters.JUnitReportReporter -->
<testsuite hostname="DESKTOP-4T9R7PN" failures="0" tests="1" name="com.qa.billApprovalWorkflow.runner.TestRunner" time="1789.979" errors="0" timestamp="22 Dec 2020 16:32:54 GMT">
  <testcase classname="com.qa.billApprovalWorkflow.runner.TestRunner" name="feature" time="1789.979"/>
</testsuite> <!-- com.qa.billApprovalWorkflow.runner.TestRunner -->
