<?xml version="1.0" encoding="UTF-8"?>
<!-- Generated by org.testng.reporters.JUnitReportReporter -->
<testsuite hostname="DESKTOP-4T9R7PN" failures="0" tests="1" name="com.qa.billAprrovalWorkflow.runner.TestRunner" time="0.034" errors="0" timestamp="10 Dec 2020 11:49:56 GMT">
  <testcase classname="com.qa.billAprrovalWorkflow.runner.TestRunner" name="feature" time="0.034"/>
</testsuite> <!-- com.qa.billAprrovalWorkflow.runner.TestRunner -->
